<?xml version="1.0" encoding="UTF-8"?>
<!-- Generated by org.testng.reporters.JUnitReportReporter -->
<testsuite hostname="sanjay" failures="0" tests="1" name="sanitytest.headlessBrowserusinghtmlUnitDriver" time="10.697" errors="0" timestamp="17 Mar 2019 14:17:42 GMT" skipped="0">
  <testcase classname="sanitytest.headlessBrowserusinghtmlUnitDriver" name="htmlUnitDriver" time="10.697"/>
</testsuite> <!-- sanitytest.headlessBrowserusinghtmlUnitDriver -->
