<?xml version="1.0" encoding="UTF-8"?>
<!-- Generated by org.testng.reporters.JUnitReportReporter -->
<testsuite hostname="sanjay" failures="0" tests="1" name="sanitytest.jenkinclass3" time="0.015" errors="0" timestamp="27 Mar 2019 19:54:24 GMT" skipped="0">
  <testcase classname="sanitytest.jenkinclass3" name="jenkinmethod" time="0.015"/>
</testsuite> <!-- sanitytest.jenkinclass3 -->
