<?xml version="1.0" encoding="UTF-8"?>
<!-- Generated by org.testng.reporters.JUnitReportReporter -->
<testsuite hostname="sanjay" failures="0" tests="1" name="sanitytest.ApachePoiReadExcel" time="0.709" errors="0" timestamp="24 Mar 2019 16:26:42 GMT" skipped="0">
  <testcase classname="sanitytest.ApachePoiReadExcel" name="readExcel" time="0.709"/>
</testsuite> <!-- sanitytest.ApachePoiReadExcel -->
