<?xml version="1.0" encoding="UTF-8"?>
<!-- Generated by org.testng.reporters.JUnitReportReporter -->
<testsuite hostname="sanjay" failures="0" tests="4" name="sanitytest.dataProvider" time="6.060" errors="0" timestamp="27 Mar 2019 12:49:19 GMT" skipped="0">
  <testcase classname="sanitytest.dataProvider" name="login" time="1.538"/>
  <testcase classname="sanitytest.dataProvider" name="login" time="1.492"/>
  <testcase classname="sanitytest.dataProvider" name="login" time="1.459"/>
  <testcase classname="sanitytest.dataProvider" name="login" time="1.571"/>
</testsuite> <!-- sanitytest.dataProvider -->
