<?xml version="1.0" encoding="UTF-8"?>
<!-- Generated by org.testng.reporters.JUnitReportReporter -->
<testsuite hostname="sanjay" failures="0" tests="1" name="sanitytest.CaptureScreenshot" time="11.377" errors="0" timestamp="23 Mar 2019 13:11:40 GMT" skipped="0">
  <testcase classname="sanitytest.CaptureScreenshot" name="captureScreenMethod" time="11.377"/>
</testsuite> <!-- sanitytest.CaptureScreenshot -->
