<?xml version="1.0" encoding="UTF-8"?>
<!-- Generated by org.testng.reporters.JUnitReportReporter -->
<testsuite hostname="sanjay" failures="0" tests="1" name="sanitytest.openGoogleInDiffBrowser" time="11.000" errors="0" timestamp="24 Mar 2019 15:40:59 GMT" skipped="0">
  <testcase classname="sanitytest.openGoogleInDiffBrowser" name="browsers" time="11.000"/>
</testsuite> <!-- sanitytest.openGoogleInDiffBrowser -->
