<?xml version="1.0" encoding="UTF-8"?>
<!-- Generated by org.testng.reporters.JUnitReportReporter -->
<testsuite hostname="sanjay" failures="0" tests="1" name="sanitytest.datadriven" time="7.474" errors="0" timestamp="27 Mar 2019 12:41:13 GMT" skipped="0">
  <testcase classname="sanitytest.datadriven" name="login" time="7.474"/>
</testsuite> <!-- sanitytest.datadriven -->
