<?xml version="1.0" encoding="UTF-8"?>
<!-- Generated by org.testng.reporters.JUnitReportReporter -->
<testsuite hostname="sanjay" failures="0" tests="1" name="sanitytest.extentReportJunit" time="4.489" errors="0" timestamp="27 Mar 2019 12:49:59 GMT" skipped="0">
  <testcase classname="sanitytest.extentReportJunit" name="extentReportsDemo" time="4.489"/>
</testsuite> <!-- sanitytest.extentReportJunit -->
